<?xml version="1.0" encoding="UTF-8"?>
<!-- Generated by org.testng.reporters.JUnitReportReporter -->
<testsuite hostname="Apples-MacBook-Pro.local" failures="0" tests="1" name="com.weather.tests.SearchWeather" time="12.652" errors="0" timestamp="2021-11-04T14:02:50 IST" skipped="0">
  <testcase classname="com.weather.tests.SearchWeather" name="searchweatherReport" time="12.652"/>
  <system-out/>
</testsuite> <!-- com.weather.tests.SearchWeather -->
