<?xml version="1.0" encoding="UTF-8"?>
<!-- Generated by org.testng.reporters.JUnitReportReporter -->
<testsuite hostname="Apples-MacBook-Pro.local" failures="0" tests="1" name="com.stepdefinitions.SearchWeather" time="12.584" errors="0" timestamp="2021-11-09T02:02:35 IST" skipped="0">
  <testcase classname="com.stepdefinitions.SearchWeather" name="searchweatherReport" time="12.584"/>
  <system-out/>
</testsuite> <!-- com.stepdefinitions.SearchWeather -->
